Project Information                        c:\altera_pj\maxplus\line_bus16.rpt

MAX+plus II Compiler Report File
Version 10.2 07/10/2002
Compiled: 01/23/2015 18:24:15

Copyright (C) 1988-2002 Altera Corporation
Any megafunction design, and related net list (encrypted or decrypted),
support information, device programming or simulation file, and any other
associated documentation or information provided by Altera or a partner
under Altera's Megafunction Partnership Program may be used only to
program PLD devices (but not masked PLD devices) from Altera.  Any other
use of such megafunction design, net list, support information, device
programming or simulation file, or any other related documentation or
information is prohibited for any other purpose, including, but not
limited to modification, reverse engineering, de-compiling, or use with
any other silicon devices, unless such use is explicitly licensed under
a separate agreement with Altera or a megafunction partner.  Title to
the intellectual property, including patents, copyrights, trademarks,
trade secrets, or maskworks, embodied in any such megafunction design,
net list, support information, device programming or simulation file, or
any other related documentation or information provided by Altera or a
megafunction partner, remains with Altera, the megafunction partner, or
their respective licensors.  No other licenses, including any licenses
needed under any third party's intellectual property, are provided herein.



***** Project compilation was successful




** DEVICE SUMMARY **

Chip/                     Input Output Bidir  Memory  Memory  			 LCs
POF       Device          Pins  Pins   Pins   Bits % Utilized  LCs  % Utilized

line_bus16
      EPF10K30ETC144-1     17     16     0    0         0  %    16       0  %

User Pins:                 17     16     0  



Device-Specific Information:               c:\altera_pj\maxplus\line_bus16.rpt
line_bus16

***** Logic for device 'line_bus16' compiled without errors.




Device: EPF10K30ETC144-1

FLEX 10K Configuration Scheme: Passive Serial

Device Options:
    User-Supplied Start-Up Clock               = OFF
    Auto-Restart Configuration on Frame Error  = OFF
    Release Clears Before Tri-States           = OFF
    Enable Chip_Wide Reset                     = OFF
    Enable Chip-Wide Output Enable             = OFF
    Enable INIT_DONE Output                    = OFF
    JTAG User Code                             = 7f
    MultiVolt I/O                              = OFF

                                                                                         
                                                                                         
                R R R R R   R R R R   R R R R   R           R R R R R R R   R R R R R R  
                E E E E E   E E E E   E E E E   E           E E E E E E E   E E E E E E  
                S S S S S   S S S S   S S S S   S         V S S S S S S S   S S S S S S  
                E E E E E   E E E E V E E E E   E         C E E E E E E E V E E E E E E  
                R R R R R   R R R R C R R R R   R         C R R R R R R R C R R R R R R  
                V V V V V G V V V V C V V V V G V G       I V V V V V V V C V V V V V V  
                E E E E E N E E E E I E E E E N E N i i i N E E E E E E E I E E E E E E  
                D D D D D D D D D D O D D D D D D D 3 4 2 T D D D D D D D O D D D D D D  
              --------------------------------------------------------------------------_ 
             / 144 142 140 138 136 134 132 130 128 126 124 122 120 118 116 114 112 110   |_ 
            /    143 141 139 137 135 133 131 129 127 125 123 121 119 117 115 113 111 109    | 
      #TCK |  1                                                                         108 | ^DATA0 
^CONF_DONE |  2                                                                         107 | ^DCLK 
     ^nCEO |  3                                                                         106 | ^nCE 
      #TDO |  4                                                                         105 | #TDI 
     VCCIO |  5                                                                         104 | GND 
    VCCINT |  6                                                                         103 | GND 
      out7 |  7                                                                         102 | i7 
  RESERVED |  8                                                                         101 | RESERVED 
  RESERVED |  9                                                                         100 | out2 
       i15 | 10                                                                          99 | RESERVED 
     out12 | 11                                                                          98 | out15 
      out0 | 12                                                                          97 | out13 
      out4 | 13                                                                          96 | i14 
       i13 | 14                                                                          95 | RESERVED 
       GND | 15                                                                          94 | VCCIO 
       GND | 16                                                                          93 | VCCINT 
       i12 | 17                                                                          92 | i10 
     out14 | 18                                                                          91 | RESERVED 
  RESERVED | 19                            EPF10K30ETC144-1                              90 | i5 
  RESERVED | 20                                                                          89 | out1 
      out5 | 21                                                                          88 | RESERVED 
  RESERVED | 22                                                                          87 | i9 
     out10 | 23                                                                          86 | out6 
     VCCIO | 24                                                                          85 | GND 
    VCCINT | 25                                                                          84 | GND 
      out8 | 26                                                                          83 | out9 
        i8 | 27                                                                          82 | i11 
  RESERVED | 28                                                                          81 | RESERVED 
        i6 | 29                                                                          80 | RESERVED 
     out11 | 30                                                                          79 | RESERVED 
  RESERVED | 31                                                                          78 | RESERVED 
  RESERVED | 32                                                                          77 | ^MSEL0 
      out3 | 33                                                                          76 | ^MSEL1 
      #TMS | 34                                                                          75 | VCCINT 
  ^nSTATUS | 35                                                                          74 | ^nCONFIG 
  RESERVED | 36                                                                          73 | RESERVED 
           |      38  40  42  44  46  48  50  52  54  56  58  60  62  64  66  68  70  72  _| 
            \   37  39  41  43  45  47  49  51  53  55  57  59  61  63  65  67  69  71   | 
             \--------------------------------------------------------------------------- 
                R R R G R R R R V R R R R G R V V i c i G G R R V R R R R G R R R R V R  
                E E E N E E E E C E E E E N E C C 0 l 1 N N E E C E E E E N E E E E C E  
                S S S D S S S S C S S S S D S C C   k   D D S S C S S S S D S S S S C S  
                E E E   E E E E I E E E E   E I I           E E I E E E E   E E E E I E  
                R R R   R R R R O R R R R   R N N           R R O R R R R   R R R R O R  
                V V V   V V V V   V V V V   V T T           V V   V V V V   V V V V   V  
                E E E   E E E E   E E E E   E               E E   E E E E   E E E E   E  
                D D D   D D D D   D D D D   D               D D   D D D D   D D D D   D  
                                                                                         
                                                                                         


N.C. = No Connect. This pin has no internal connection to the device.
VCCINT = Dedicated power pin, which MUST be connected to VCC (2.5 volts).
VCCIO = Dedicated power pin, which MUST be connected to VCC (2.5 volts).
GND = Dedicated ground pin or unused dedicated input, which MUST be connected to GND.
RESERVED = Unused I/O pin, which MUST be left unconnected.

^ = Dedicated configuration pin.
+ = Reserved configuration pin, which is tri-stated during user mode.
* = Reserved configuration pin, which drives out in user mode.
PDn = Power Down pin. 
@ = Special-purpose pin. 
# = JTAG Boundary-Scan Testing/In-System Programming or Configuration Pin. The JTAG inputs TMS and TDI should be tied to VCC and TCK should be tied to GND when not in use.
& = JTAG pin used for I/O. When used as user I/O, JTAG pins must be kept stable before and during configuration.  JTAG pin stability prevents accidental loading of JTAG instructions.
$ = Pin has PCI I/O option enabled. Pin is neither '5.0 V'- nor '3.3 V'-tolerant. 


Device-Specific Information:               c:\altera_pj\maxplus\line_bus16.rpt
line_bus16

** RESOURCE USAGE **

Logic                Column       Row                                   
Array                Interconnect Interconnect         Clears/     External  
Block   Logic Cells  Driven       Driven       Clocks  Presets   Interconnect
A6       1/ 8( 12%)   0/ 8(  0%)   1/ 8( 12%)    1/2    0/2       1/22(  4%)   
A26      1/ 8( 12%)   0/ 8(  0%)   1/ 8( 12%)    1/2    0/2       1/22(  4%)   
B1       1/ 8( 12%)   0/ 8(  0%)   1/ 8( 12%)    1/2    0/2       1/22(  4%)   
C10      1/ 8( 12%)   0/ 8(  0%)   1/ 8( 12%)    1/2    0/2       1/22(  4%)   
C19      1/ 8( 12%)   0/ 8(  0%)   1/ 8( 12%)    1/2    0/2       1/22(  4%)   
C20      1/ 8( 12%)   0/ 8(  0%)   1/ 8( 12%)    1/2    0/2       1/22(  4%)   
C28      1/ 8( 12%)   0/ 8(  0%)   1/ 8( 12%)    1/2    0/2       1/22(  4%)   
C36      1/ 8( 12%)   0/ 8(  0%)   1/ 8( 12%)    1/2    0/2       1/22(  4%)   
D17      1/ 8( 12%)   0/ 8(  0%)   1/ 8( 12%)    1/2    0/2       1/22(  4%)   
D20      1/ 8( 12%)   0/ 8(  0%)   1/ 8( 12%)    1/2    0/2       1/22(  4%)   
D36      1/ 8( 12%)   0/ 8(  0%)   1/ 8( 12%)    1/2    0/2       1/22(  4%)   
E16      1/ 8( 12%)   0/ 8(  0%)   1/ 8( 12%)    1/2    0/2       1/22(  4%)   
E17      1/ 8( 12%)   0/ 8(  0%)   1/ 8( 12%)    1/2    0/2       1/22(  4%)   
E33      1/ 8( 12%)   0/ 8(  0%)   1/ 8( 12%)    1/2    0/2       1/22(  4%)   
F19      1/ 8( 12%)   0/ 8(  0%)   1/ 8( 12%)    1/2    0/2       1/22(  4%)   
F27      1/ 8( 12%)   0/ 8(  0%)   1/ 8( 12%)    1/2    0/2       1/22(  4%)   


Embedded             Column       Row                                   
Array     Embedded   Interconnect Interconnect         Read/      External  
Block     Cells      Driven       Driven       Clocks  Write    Interconnect


Total dedicated input pins used:                 6/6      (100%)
Total I/O pins used:                            27/96     ( 28%)
Total logic cells used:                         16/1728   (  0%)
Total embedded cells used:                       0/96     (  0%)
Total EABs used:                                 0/6      (  0%)
Average fan-in:                                 1.00/4    ( 25%)
Total fan-in:                                  16/6912    (  0%)

Total input pins required:                      17
Total input I/O cell registers required:         0
Total output pins required:                     16
Total output I/O cell registers required:        0
Total buried I/O cell registers required:        0
Total bidirectional pins required:               0
Total reserved pins required                     0
Total logic cells required:                     16
Total flipflops required:                       16
Total packed registers required:                 0
Total logic cells in carry chains:               0
Total number of carry chains:                    0
Total logic cells in cascade chains:             0
Total number of cascade chains:                  0
Total single-pin Clock Enables required:         0
Total single-pin Output Enables required:        0

Synthesized logic cells:                         0/1728   (  0%)

Logic Cell and Embedded Cell Counts

Column:  01  02  03  04  05  06  07  08  09  10  11  12  13  14  15  16  17  18  EA  19  20  21  22  23  24  25  26  27  28  29  30  31  32  33  34  35  36  Total(LC/EC)
 A:      0   0   0   0   0   1   0   0   0   0   0   0   0   0   0   0   0   0   0   0   0   0   0   0   0   0   1   0   0   0   0   0   0   0   0   0   0      2/0  
 B:      1   0   0   0   0   0   0   0   0   0   0   0   0   0   0   0   0   0   0   0   0   0   0   0   0   0   0   0   0   0   0   0   0   0   0   0   0      1/0  
 C:      0   0   0   0   0   0   0   0   0   1   0   0   0   0   0   0   0   0   0   1   1   0   0   0   0   0   0   0   1   0   0   0   0   0   0   0   1      5/0  
 D:      0   0   0   0   0   0   0   0   0   0   0   0   0   0   0   0   1   0   0   0   1   0   0   0   0   0   0   0   0   0   0   0   0   0   0   0   1      3/0  
 E:      0   0   0   0   0   0   0   0   0   0   0   0   0   0   0   1   1   0   0   0   0   0   0   0   0   0   0   0   0   0   0   0   0   1   0   0   0      3/0  
 F:      0   0   0   0   0   0   0   0   0   0   0   0   0   0   0   0   0   0   0   1   0   0   0   0   0   0   0   1   0   0   0   0   0   0   0   0   0      2/0  

Total:   1   0   0   0   0   1   0   0   0   1   0   0   0   0   0   1   2   0   0   2   2   0   0   0   0   0   1   1   1   0   0   0   0   1   0   0   2     16/0  



Device-Specific Information:               c:\altera_pj\maxplus\line_bus16.rpt
line_bus16

** INPUTS **

                                                    Fan-In    Fan-Out
 Pin     LC     EC   Row  Col  Primitive    Code      INP  FBK  OUT  FBK  Name
  55      -     -    -    --      INPUT  G          ^    0    0    0    0  clk
  54      -     -    -    --      INPUT             ^    0    0    0    1  i0
  56      -     -    -    --      INPUT             ^    0    0    0    1  i1
 124      -     -    -    --      INPUT             ^    0    0    0    1  i2
 126      -     -    -    --      INPUT             ^    0    0    0    1  i3
 125      -     -    -    --      INPUT             ^    0    0    0    1  i4
  90      -     -    D    --      INPUT             ^    0    0    0    1  i5
  29      -     -    E    --      INPUT             ^    0    0    0    1  i6
 102      -     -    A    --      INPUT             ^    0    0    0    1  i7
  27      -     -    E    --      INPUT             ^    0    0    0    1  i8
  87      -     -    E    --      INPUT             ^    0    0    0    1  i9
  92      -     -    D    --      INPUT             ^    0    0    0    1  i10
  82      -     -    F    --      INPUT             ^    0    0    0    1  i11
  17      -     -    C    --      INPUT             ^    0    0    0    1  i12
  14      -     -    C    --      INPUT             ^    0    0    0    1  i13
  96      -     -    C    --      INPUT             ^    0    0    0    1  i14
  10      -     -    B    --      INPUT             ^    0    0    0    1  i15


Code:

s = Synthesized pin or logic cell
+ = Synchronous flipflop
/ = Slow slew-rate output
! = NOT gate push-back
r = Fitter-inserted logic cell
^ = Increased input delay
* = PCI I/O is enabled
@ = Uses single-pin Clock Enable
& = Uses single-pin Output Enable
G = Global Source. Fan-out destinations counted here do not include destinations
that are driven using global routing resources. Refer to the Auto Global Signals,
Clock Signals, Clear Signals, Synchronous Load Signals, and Synchronous Clear Signals
Sections of this Report File for information on which signals' fan-outs are used as
Clock, Clear, Preset, Output Enable, and synchronous Load signals.


Device-Specific Information:               c:\altera_pj\maxplus\line_bus16.rpt
line_bus16

** OUTPUTS **

       Fed By Fed By                                Fan-In    Fan-Out
 Pin     LC     EC   Row  Col  Primitive    Code      INP  FBK  OUT  FBK  Name
  12      -     -    C    --     OUTPUT                 0    1    0    0  out0
  89      -     -    D    --     OUTPUT                 0    1    0    0  out1
 100      -     -    A    --     OUTPUT                 0    1    0    0  out2
  33      -     -    F    --     OUTPUT                 0    1    0    0  out3
  13      -     -    C    --     OUTPUT                 0    1    0    0  out4
  21      -     -    D    --     OUTPUT                 0    1    0    0  out5
  86      -     -    E    --     OUTPUT                 0    1    0    0  out6
   7      -     -    A    --     OUTPUT                 0    1    0    0  out7
  26      -     -    E    --     OUTPUT                 0    1    0    0  out8
  83      -     -    E    --     OUTPUT                 0    1    0    0  out9
  23      -     -    D    --     OUTPUT                 0    1    0    0  out10
  30      -     -    F    --     OUTPUT                 0    1    0    0  out11
  11      -     -    C    --     OUTPUT                 0    1    0    0  out12
  97      -     -    C    --     OUTPUT                 0    1    0    0  out13
  18      -     -    C    --     OUTPUT                 0    1    0    0  out14
  98      -     -    B    --     OUTPUT                 0    1    0    0  out15


Code:

s = Synthesized pin or logic cell
+ = Synchronous flipflop
/ = Slow slew-rate output
! = NOT gate push-back
r = Fitter-inserted logic cell
^ = Increased input delay
* = PCI I/O is enabled
@ = Uses single-pin Clock Enable
& = Uses single-pin Output Enable


Device-Specific Information:               c:\altera_pj\maxplus\line_bus16.rpt
line_bus16

** BURIED LOGIC **

                                                    Fan-In    Fan-Out
 IOC     LC     EC   Row  Col  Primitive    Code      INP  FBK  OUT  FBK  Name
   -      6     -    B    01       DFFE   +            1    0    1    0  a15 (:50)
   -      6     -    C    20       DFFE   +            1    0    1    0  a14 (:51)
   -      1     -    C    10       DFFE   +            1    0    1    0  a13 (:52)
   -      1     -    C    36       DFFE   +            1    0    1    0  a12 (:53)
   -      1     -    F    27       DFFE   +            1    0    1    0  a11 (:54)
   -      6     -    D    36       DFFE   +            1    0    1    0  a10 (:55)
   -      8     -    E    16       DFFE   +            1    0    1    0  a9 (:56)
   -      1     -    E    33       DFFE   +            1    0    1    0  a8 (:57)
   -      8     -    A    26       DFFE   +            1    0    1    0  a7 (:58)
   -      4     -    E    17       DFFE   +            1    0    1    0  a6 (:59)
   -      4     -    D    20       DFFE   +            1    0    1    0  a5 (:60)
   -      2     -    C    28       DFFE   +            1    0    1    0  a4 (:61)
   -      7     -    F    19       DFFE   +            1    0    1    0  a3 (:62)
   -      8     -    A    06       DFFE   +            1    0    1    0  a2 (:63)
   -      6     -    D    17       DFFE   +            1    0    1    0  a1 (:64)
   -      2     -    C    19       DFFE   +            1    0    1    0  a0 (:65)


Code:

s = Synthesized pin or logic cell
+ = Synchronous flipflop
/ = Slow slew-rate output
! = NOT gate push-back
r = Fitter-inserted logic cell
^ = Increased input delay
* = PCI I/O is enabled
p = Packed register


Device-Specific Information:               c:\altera_pj\maxplus\line_bus16.rpt
line_bus16

** FASTTRACK INTERCONNECT UTILIZATION **

Row FastTrack Interconnect:

          Global         Left Half-      Right Half-
         FastTrack       FastTrack       FastTrack 
Row     Interconnect    Interconnect    Interconnect    Input Pins     Output Pins     Bidir Pins
A:       2/144(  1%)     0/ 72(  0%)     1/ 72(  1%)    1/16(  6%)      2/16( 12%)     0/16(  0%)
B:       2/144(  1%)     0/ 72(  0%)     0/ 72(  0%)    1/16(  6%)      1/16(  6%)     0/16(  0%)
C:       4/144(  2%)     1/ 72(  1%)     3/ 72(  4%)    3/16( 18%)      5/16( 31%)     0/16(  0%)
D:       2/144(  1%)     1/ 72(  1%)     2/ 72(  2%)    2/16( 12%)      3/16( 18%)     0/16(  0%)
E:       3/144(  2%)     2/ 72(  2%)     1/ 72(  1%)    3/16( 18%)      3/16( 18%)     0/16(  0%)
F:       1/144(  0%)     0/ 72(  0%)     2/ 72(  2%)    1/16(  6%)      2/16( 12%)     0/16(  0%)


Column FastTrack Interconnect:

         FastTrack                                 
Column  Interconnect    Input Pins     Output Pins     Bidir Pins
01:      0/24(  0%)     0/4(  0%)      0/4(  0%)       0/4(  0%)
02:      0/24(  0%)     0/4(  0%)      0/4(  0%)       0/4(  0%)
03:      0/24(  0%)     0/4(  0%)      0/4(  0%)       0/4(  0%)
04:      0/24(  0%)     0/4(  0%)      0/4(  0%)       0/4(  0%)
05:      0/24(  0%)     0/4(  0%)      0/4(  0%)       0/4(  0%)
06:      0/24(  0%)     0/4(  0%)      0/4(  0%)       0/4(  0%)
07:      0/24(  0%)     0/4(  0%)      0/4(  0%)       0/4(  0%)
08:      0/24(  0%)     0/4(  0%)      0/4(  0%)       0/4(  0%)
09:      0/24(  0%)     0/4(  0%)      0/4(  0%)       0/4(  0%)
10:      0/24(  0%)     0/4(  0%)      0/4(  0%)       0/4(  0%)
11:      0/24(  0%)     0/4(  0%)      0/4(  0%)       0/4(  0%)
12:      0/24(  0%)     0/4(  0%)      0/4(  0%)       0/4(  0%)
13:      0/24(  0%)     0/4(  0%)      0/4(  0%)       0/4(  0%)
14:      0/24(  0%)     0/4(  0%)      0/4(  0%)       0/4(  0%)
15:      0/24(  0%)     0/4(  0%)      0/4(  0%)       0/4(  0%)
16:      0/24(  0%)     0/4(  0%)      0/4(  0%)       0/4(  0%)
17:      0/24(  0%)     0/4(  0%)      0/4(  0%)       0/4(  0%)
18:      0/24(  0%)     0/4(  0%)      0/4(  0%)       0/4(  0%)
19:      0/24(  0%)     0/4(  0%)      0/4(  0%)       0/4(  0%)
20:      0/24(  0%)     0/4(  0%)      0/4(  0%)       0/4(  0%)
21:      0/24(  0%)     0/4(  0%)      0/4(  0%)       0/4(  0%)
22:      0/24(  0%)     0/4(  0%)      0/4(  0%)       0/4(  0%)
23:      0/24(  0%)     0/4(  0%)      0/4(  0%)       0/4(  0%)
24:      0/24(  0%)     0/4(  0%)      0/4(  0%)       0/4(  0%)
25:      0/24(  0%)     0/4(  0%)      0/4(  0%)       0/4(  0%)
26:      0/24(  0%)     0/4(  0%)      0/4(  0%)       0/4(  0%)
27:      0/24(  0%)     0/4(  0%)      0/4(  0%)       0/4(  0%)
28:      0/24(  0%)     0/4(  0%)      0/4(  0%)       0/4(  0%)
29:      0/24(  0%)     0/4(  0%)      0/4(  0%)       0/4(  0%)
30:      0/24(  0%)     0/4(  0%)      0/4(  0%)       0/4(  0%)
31:      0/24(  0%)     0/4(  0%)      0/4(  0%)       0/4(  0%)
32:      0/24(  0%)     0/4(  0%)      0/4(  0%)       0/4(  0%)
33:      0/24(  0%)     0/4(  0%)      0/4(  0%)       0/4(  0%)
34:      0/24(  0%)     0/4(  0%)      0/4(  0%)       0/4(  0%)
35:      0/24(  0%)     0/4(  0%)      0/4(  0%)       0/4(  0%)
36:      0/24(  0%)     0/4(  0%)      0/4(  0%)       0/4(  0%)
EA:      0/24(  0%)     0/4(  0%)      0/4(  0%)       0/4(  0%)


Device-Specific Information:               c:\altera_pj\maxplus\line_bus16.rpt
line_bus16

** CLOCK SIGNALS **

Type     Fan-out       Name
INPUT       16         clk


Device-Specific Information:               c:\altera_pj\maxplus\line_bus16.rpt
line_bus16

** EQUATIONS **

clk      : INPUT;
i0       : INPUT;
i1       : INPUT;
i2       : INPUT;
i3       : INPUT;
i4       : INPUT;
i5       : INPUT;
i6       : INPUT;
i7       : INPUT;
i8       : INPUT;
i9       : INPUT;
i10      : INPUT;
i11      : INPUT;
i12      : INPUT;
i13      : INPUT;
i14      : INPUT;
i15      : INPUT;

-- Node name is ':65' = 'a0' 
-- Equation name is 'a0', location is LC2_C19, type is buried.
a0       = DFFE( i0, GLOBAL( clk),  VCC,  VCC,  VCC);

-- Node name is ':64' = 'a1' 
-- Equation name is 'a1', location is LC6_D17, type is buried.
a1       = DFFE( i1, GLOBAL( clk),  VCC,  VCC,  VCC);

-- Node name is ':63' = 'a2' 
-- Equation name is 'a2', location is LC8_A6, type is buried.
a2       = DFFE( i2, GLOBAL( clk),  VCC,  VCC,  VCC);

-- Node name is ':62' = 'a3' 
-- Equation name is 'a3', location is LC7_F19, type is buried.
a3       = DFFE( i3, GLOBAL( clk),  VCC,  VCC,  VCC);

-- Node name is ':61' = 'a4' 
-- Equation name is 'a4', location is LC2_C28, type is buried.
a4       = DFFE( i4, GLOBAL( clk),  VCC,  VCC,  VCC);

-- Node name is ':60' = 'a5' 
-- Equation name is 'a5', location is LC4_D20, type is buried.
a5       = DFFE( i5, GLOBAL( clk),  VCC,  VCC,  VCC);

-- Node name is ':59' = 'a6' 
-- Equation name is 'a6', location is LC4_E17, type is buried.
a6       = DFFE( i6, GLOBAL( clk),  VCC,  VCC,  VCC);

-- Node name is ':58' = 'a7' 
-- Equation name is 'a7', location is LC8_A26, type is buried.
a7       = DFFE( i7, GLOBAL( clk),  VCC,  VCC,  VCC);

-- Node name is ':57' = 'a8' 
-- Equation name is 'a8', location is LC1_E33, type is buried.
a8       = DFFE( i8, GLOBAL( clk),  VCC,  VCC,  VCC);

-- Node name is ':56' = 'a9' 
-- Equation name is 'a9', location is LC8_E16, type is buried.
a9       = DFFE( i9, GLOBAL( clk),  VCC,  VCC,  VCC);

-- Node name is ':55' = 'a10' 
-- Equation name is 'a10', location is LC6_D36, type is buried.
a10      = DFFE( i10, GLOBAL( clk),  VCC,  VCC,  VCC);

-- Node name is ':54' = 'a11' 
-- Equation name is 'a11', location is LC1_F27, type is buried.
a11      = DFFE( i11, GLOBAL( clk),  VCC,  VCC,  VCC);

-- Node name is ':53' = 'a12' 
-- Equation name is 'a12', location is LC1_C36, type is buried.
a12      = DFFE( i12, GLOBAL( clk),  VCC,  VCC,  VCC);

-- Node name is ':52' = 'a13' 
-- Equation name is 'a13', location is LC1_C10, type is buried.
a13      = DFFE( i13, GLOBAL( clk),  VCC,  VCC,  VCC);

-- Node name is ':51' = 'a14' 
-- Equation name is 'a14', location is LC6_C20, type is buried.
a14      = DFFE( i14, GLOBAL( clk),  VCC,  VCC,  VCC);

-- Node name is ':50' = 'a15' 
-- Equation name is 'a15', location is LC6_B1, type is buried.
a15      = DFFE( i15, GLOBAL( clk),  VCC,  VCC,  VCC);

-- Node name is 'out0' 
-- Equation name is 'out0', type is output 
out0     =  a0;

-- Node name is 'out1' 
-- Equation name is 'out1', type is output 
out1     =  a1;

-- Node name is 'out2' 
-- Equation name is 'out2', type is output 
out2     =  a2;

-- Node name is 'out3' 
-- Equation name is 'out3', type is output 
out3     =  a3;

-- Node name is 'out4' 
-- Equation name is 'out4', type is output 
out4     =  a4;

-- Node name is 'out5' 
-- Equation name is 'out5', type is output 
out5     =  a5;

-- Node name is 'out6' 
-- Equation name is 'out6', type is output 
out6     =  a6;

-- Node name is 'out7' 
-- Equation name is 'out7', type is output 
out7     =  a7;

-- Node name is 'out8' 
-- Equation name is 'out8', type is output 
out8     =  a8;

-- Node name is 'out9' 
-- Equation name is 'out9', type is output 
out9     =  a9;

-- Node name is 'out10' 
-- Equation name is 'out10', type is output 
out10    =  a10;

-- Node name is 'out11' 
-- Equation name is 'out11', type is output 
out11    =  a11;

-- Node name is 'out12' 
-- Equation name is 'out12', type is output 
out12    =  a12;

-- Node name is 'out13' 
-- Equation name is 'out13', type is output 
out13    =  a13;

-- Node name is 'out14' 
-- Equation name is 'out14', type is output 
out14    =  a14;

-- Node name is 'out15' 
-- Equation name is 'out15', type is output 
out15    =  a15;



Project Information                        c:\altera_pj\maxplus\line_bus16.rpt

** COMPILATION SETTINGS & TIMES **

Processing Menu Commands
------------------------

Design Doctor                             = off

Logic Synthesis:

   Synthesis Type Used                    = Multi-Level

   Default Synthesis Style                = NORMAL

      Logic option settings in 'NORMAL' style for 'FLEX10KE' family

      CARRY_CHAIN                         = ignore
      CARRY_CHAIN_LENGTH                  = 32
      CASCADE_CHAIN                       = ignore
      CASCADE_CHAIN_LENGTH                = 2
      DECOMPOSE_GATES                     = on
      DUPLICATE_LOGIC_EXTRACTION          = on
      MINIMIZATION                        = full
      MULTI_LEVEL_FACTORING               = on
      NOT_GATE_PUSH_BACK                  = on
      REDUCE_LOGIC                        = on
      REFACTORIZATION                     = on
      REGISTER_OPTIMIZATION               = on
      RESYNTHESIZE_NETWORK                = on
      SLOW_SLEW_RATE                      = off
      SUBFACTOR_EXTRACTION                = on
      IGNORE_SOFT_BUFFERS                 = on
      USE_LPM_FOR_AHDL_OPERATORS          = off

   Other logic synthesis settings:

      Automatic Global Clock              = on
      Automatic Global Clear              = on
      Automatic Global Preset             = on
      Automatic Global Output Enable      = on
      Automatic Fast I/O                  = off
      Automatic Register Packing          = off
      Automatic Open-Drain Pins           = on
      Automatic Implement in EAB          = off
      Optimize                            = 5

Default Timing Specifications: None

Cut All Bidir Feedback Timing Paths       = on
Cut All Clear & Preset Timing Paths       = on

Ignore Timing Assignments                 = off

Functional SNF Extractor                  = off

Linked SNF Extractor                      = off
Timing SNF Extractor                      = on
Optimize Timing SNF                       = off
Generate AHDL TDO File                    = off
Fitter Settings                           = NORMAL
Use Quartus Fitter                        = on
Smart Recompile                           = off
Total Recompile                           = off

Interfaces Menu Commands
------------------------

EDIF Netlist Writer                       = off
Verilog Netlist Writer                    = off
VHDL Netlist Writer                       = off

Compilation Times
-----------------

   Compiler Netlist Extractor             00:00:00
   Database Builder                       00:00:00
   Logic Synthesizer                      00:00:00
   Partitioner                            00:00:01
   Fitter                                 00:00:00
   Timing SNF Extractor                   00:00:00
   Assembler                              00:00:00
   --------------------------             --------
   Total Time                             00:00:01


Memory Allocated
-----------------

Peak memory allocated during compilation  = 58,648K
