Project Information                         c:\altera_pj\maxplus\timer_1us.rpt

MAX+plus II Compiler Report File
Version 10.2 07/10/2002
Compiled: 01/22/2015 20:13:04

Copyright (C) 1988-2002 Altera Corporation
Any megafunction design, and related net list (encrypted or decrypted),
support information, device programming or simulation file, and any other
associated documentation or information provided by Altera or a partner
under Altera's Megafunction Partnership Program may be used only to
program PLD devices (but not masked PLD devices) from Altera.  Any other
use of such megafunction design, net list, support information, device
programming or simulation file, or any other related documentation or
information is prohibited for any other purpose, including, but not
limited to modification, reverse engineering, de-compiling, or use with
any other silicon devices, unless such use is explicitly licensed under
a separate agreement with Altera or a megafunction partner.  Title to
the intellectual property, including patents, copyrights, trademarks,
trade secrets, or maskworks, embodied in any such megafunction design,
net list, support information, device programming or simulation file, or
any other related documentation or information provided by Altera or a
megafunction partner, remains with Altera, the megafunction partner, or
their respective licensors.  No other licenses, including any licenses
needed under any third party's intellectual property, are provided herein.



***** Project compilation was successful




** DEVICE SUMMARY **

Chip/                     Input Output Bidir  Memory  Memory  			 LCs
POF       Device          Pins  Pins   Pins   Bits % Utilized  LCs  % Utilized

timer_1us
      EPF10K30ETC144-1     20     20     0    0         0  %    23       1  %

User Pins:                 20     20     0  



Project Information                         c:\altera_pj\maxplus\timer_1us.rpt

** PROJECT COMPILATION MESSAGES **

Warning: Flipflop ':106' stuck at GND
Warning: Flipflop ':107' stuck at GND
Warning: Flipflop ':108' stuck at GND
Warning: Flipflop ':109' stuck at GND
Warning: Flipflop ':110' stuck at GND


Project Information                         c:\altera_pj\maxplus\timer_1us.rpt

** FILE HIERARCHY **



|lpm_add_sub:384|
|lpm_add_sub:384|addcore:adder|
|lpm_add_sub:384|altshift:result_ext_latency_ffs|
|lpm_add_sub:384|altshift:carry_ext_latency_ffs|
|lpm_add_sub:384|altshift:oflow_ext_latency_ffs|


Device-Specific Information:                c:\altera_pj\maxplus\timer_1us.rpt
timer_1us

***** Logic for device 'timer_1us' compiled without errors.




Device: EPF10K30ETC144-1

FLEX 10K Configuration Scheme: Passive Serial

Device Options:
    User-Supplied Start-Up Clock               = OFF
    Auto-Restart Configuration on Frame Error  = OFF
    Release Clears Before Tri-States           = OFF
    Enable Chip_Wide Reset                     = OFF
    Enable Chip-Wide Output Enable             = OFF
    Enable INIT_DONE Output                    = OFF
    JTAG User Code                             = 7f
    MultiVolt I/O                              = OFF

                                                                                         
                                                                                         
                R R R R R   R R R R   R R R R   R           R R R R R R R   R R R   R R  
                E E E E E   E E E E   E E E E   E           E E E E E E E   E E E   E E  
                S S S S S   S S S S   S S S S   S         V S S S S S S S   S S S   S S  
                E E E E E   E E E E V E E E E   E         C E E E E E E E V E E E d E E  
                R R R R R   R R R R C R R R R   R         C R R R R R R R C R R R a R R  
                V V V V V G V V V V C V V V V G V G       I V V V V V V V C V V V t V V  
                E E E E E N E E E E I E E E E N E N d d d N E E E E E E E I E E E a E E  
                D D D D D D D D D D O D D D D D D D 3 4 2 T D D D D D D D O D D D 7 D D  
              --------------------------------------------------------------------------_ 
             / 144 142 140 138 136 134 132 130 128 126 124 122 120 118 116 114 112 110   |_ 
            /    143 141 139 137 135 133 131 129 127 125 123 121 119 117 115 113 111 109    | 
      #TCK |  1                                                                         108 | ^DATA0 
^CONF_DONE |  2                                                                         107 | ^DCLK 
     ^nCEO |  3                                                                         106 | ^nCE 
      #TDO |  4                                                                         105 | #TDI 
     VCCIO |  5                                                                         104 | GND 
    VCCINT |  6                                                                         103 | GND 
  RESERVED |  7                                                                         102 | RESERVED 
  RESERVED |  8                                                                         101 | RESERVED 
        da |  9                                                                         100 | RESERVED 
    data10 | 10                                                                          99 | RESERVED 
       ad0 | 11                                                                          98 | t1us 
  RESERVED | 12                                                                          97 | data4 
  RESERVED | 13                                                                          96 | data2 
      adr1 | 14                                                                          95 | RESERVED 
       GND | 15                                                                          94 | VCCIO 
       GND | 16                                                                          93 | VCCINT 
      adr0 | 17                                                                          92 | data3 
       ad1 | 18                                                                          91 | d6 
    data15 | 19                            EPF10K30ETC144-1                              90 | d9 
     data9 | 20                                                                          89 | data1 
     data6 | 21                                                                          88 | df 
     data5 | 22                                                                          87 | data14 
        d5 | 23                                                                          86 | data0 
     VCCIO | 24                                                                          85 | GND 
    VCCINT | 25                                                                          84 | GND 
  RESERVED | 26                                                                          83 | de 
    data13 | 27                                                                          82 | d8 
      adr2 | 28                                                                          81 | RESERVED 
       ad2 | 29                                                                          80 | data11 
  RESERVED | 30                                                                          79 | d7 
        db | 31                                                                          78 | dc 
    data12 | 32                                                                          77 | ^MSEL0 
     data8 | 33                                                                          76 | ^MSEL1 
      #TMS | 34                                                                          75 | VCCINT 
  ^nSTATUS | 35                                                                          74 | ^nCONFIG 
  RESERVED | 36                                                                          73 | RESERVED 
           |      38  40  42  44  46  48  50  52  54  56  58  60  62  64  66  68  70  72  _| 
            \   37  39  41  43  45  47  49  51  53  55  57  59  61  63  65  67  69  71   | 
             \--------------------------------------------------------------------------- 
                R R R G R d R R V R R R R G R V V d c d G G R R V R R R R G R R R R V R  
                E E E N E d E E C E E E E N E C C 0 l 1 N N E E C E E E E N E E E E C E  
                S S S D S   S S C S S S S D S C C   k   D D S S C S S S S D S S S S C S  
                E E E   E   E E I E E E E   E I I   5       E E I E E E E   E E E E I E  
                R R R   R   R R O R R R R   R N N   m       R R O R R R R   R R R R O R  
                V V V   V   V V   V V V V   V T T   h       V V   V V V V   V V V V   V  
                E E E   E   E E   E E E E   E       z       E E   E E E E   E E E E   E  
                D D D   D   D D   D D D D   D               D D   D D D D   D D D D   D  
                                                                                         
                                                                                         


N.C. = No Connect. This pin has no internal connection to the device.
VCCINT = Dedicated power pin, which MUST be connected to VCC (2.5 volts).
VCCIO = Dedicated power pin, which MUST be connected to VCC (2.5 volts).
GND = Dedicated ground pin or unused dedicated input, which MUST be connected to GND.
RESERVED = Unused I/O pin, which MUST be left unconnected.

^ = Dedicated configuration pin.
+ = Reserved configuration pin, which is tri-stated during user mode.
* = Reserved configuration pin, which drives out in user mode.
PDn = Power Down pin. 
@ = Special-purpose pin. 
# = JTAG Boundary-Scan Testing/In-System Programming or Configuration Pin. The JTAG inputs TMS and TDI should be tied to VCC and TCK should be tied to GND when not in use.
& = JTAG pin used for I/O. When used as user I/O, JTAG pins must be kept stable before and during configuration.  JTAG pin stability prevents accidental loading of JTAG instructions.
$ = Pin has PCI I/O option enabled. Pin is neither '5.0 V'- nor '3.3 V'-tolerant. 


Device-Specific Information:                c:\altera_pj\maxplus\timer_1us.rpt
timer_1us

** RESOURCE USAGE **

Logic                Column       Row                                   
Array                Interconnect Interconnect         Clears/     External  
Block   Logic Cells  Driven       Driven       Clocks  Presets   Interconnect
B6       4/ 8( 50%)   0/ 8(  0%)   1/ 8( 12%)    1/2    0/2       0/22(  0%)   
B21      1/ 8( 12%)   0/ 8(  0%)   1/ 8( 12%)    0/2    0/2       1/22(  4%)   
C3       1/ 8( 12%)   0/ 8(  0%)   1/ 8( 12%)    0/2    0/2       1/22(  4%)   
C5       1/ 8( 12%)   0/ 8(  0%)   1/ 8( 12%)    0/2    0/2       1/22(  4%)   
C19      1/ 8( 12%)   0/ 8(  0%)   1/ 8( 12%)    0/2    0/2       1/22(  4%)   
C25      1/ 8( 12%)   0/ 8(  0%)   1/ 8( 12%)    0/2    0/2       1/22(  4%)   
D3       1/ 8( 12%)   0/ 8(  0%)   1/ 8( 12%)    0/2    0/2       1/22(  4%)   
D4       1/ 8( 12%)   0/ 8(  0%)   1/ 8( 12%)    0/2    0/2       1/22(  4%)   
D21      1/ 8( 12%)   0/ 8(  0%)   1/ 8( 12%)    0/2    0/2       1/22(  4%)   
D22      1/ 8( 12%)   0/ 8(  0%)   1/ 8( 12%)    0/2    0/2       1/22(  4%)   
D23      1/ 8( 12%)   0/ 8(  0%)   1/ 8( 12%)    0/2    0/2       1/22(  4%)   
D34      1/ 8( 12%)   0/ 8(  0%)   1/ 8( 12%)    0/2    0/2       1/22(  4%)   
E6       1/ 8( 12%)   0/ 8(  0%)   1/ 8( 12%)    0/2    0/2       1/22(  4%)   
E8       1/ 8( 12%)   0/ 8(  0%)   1/ 8( 12%)    0/2    0/2       1/22(  4%)   
E19      1/ 8( 12%)   0/ 8(  0%)   1/ 8( 12%)    0/2    0/2       1/22(  4%)   
E34      1/ 8( 12%)   0/ 8(  0%)   1/ 8( 12%)    0/2    0/2       1/22(  4%)   
F2       1/ 8( 12%)   0/ 8(  0%)   1/ 8( 12%)    0/2    0/2       1/22(  4%)   
F3       1/ 8( 12%)   1/ 8( 12%)   0/ 8(  0%)    0/2    0/2       1/22(  4%)   
F25      1/ 8( 12%)   0/ 8(  0%)   1/ 8( 12%)    0/2    0/2       1/22(  4%)   
F29      1/ 8( 12%)   0/ 8(  0%)   1/ 8( 12%)    0/2    0/2       1/22(  4%)   


Embedded             Column       Row                                   
Array     Embedded   Interconnect Interconnect         Read/      External  
Block     Cells      Driven       Driven       Clocks  Write    Interconnect


Total dedicated input pins used:                 6/6      (100%)
Total I/O pins used:                            34/96     ( 35%)
Total logic cells used:                         23/1728   (  1%)
Total embedded cells used:                       0/96     (  0%)
Total EABs used:                                 0/6      (  0%)
Average fan-in:                                 1.34/4    ( 33%)
Total fan-in:                                  31/6912    (  0%)

Total input pins required:                      20
Total input I/O cell registers required:         0
Total output pins required:                     20
Total output I/O cell registers required:        0
Total buried I/O cell registers required:        0
Total bidirectional pins required:               0
Total reserved pins required                     0
Total logic cells required:                     23
Total flipflops required:                        4
Total packed registers required:                 0
Total logic cells in carry chains:               0
Total number of carry chains:                    0
Total logic cells in cascade chains:             0
Total number of cascade chains:                  0
Total single-pin Clock Enables required:         0
Total single-pin Output Enables required:        0

Synthesized logic cells:                        19/1728   (  1%)

Logic Cell and Embedded Cell Counts

Column:  01  02  03  04  05  06  07  08  09  10  11  12  13  14  15  16  17  18  EA  19  20  21  22  23  24  25  26  27  28  29  30  31  32  33  34  35  36  Total(LC/EC)
 A:      0   0   0   0   0   0   0   0   0   0   0   0   0   0   0   0   0   0   0   0   0   0   0   0   0   0   0   0   0   0   0   0   0   0   0   0   0      0/0  
 B:      0   0   0   0   0   4   0   0   0   0   0   0   0   0   0   0   0   0   0   0   0   1   0   0   0   0   0   0   0   0   0   0   0   0   0   0   0      5/0  
 C:      0   0   1   0   1   0   0   0   0   0   0   0   0   0   0   0   0   0   0   1   0   0   0   0   0   1   0   0   0   0   0   0   0   0   0   0   0      4/0  
 D:      0   0   1   1   0   0   0   0   0   0   0   0   0   0   0   0   0   0   0   0   0   1   1   1   0   0   0   0   0   0   0   0   0   0   1   0   0      6/0  
 E:      0   0   0   0   0   1   0   1   0   0   0   0   0   0   0   0   0   0   0   1   0   0   0   0   0   0   0   0   0   0   0   0   0   0   1   0   0      4/0  
 F:      0   1   1   0   0   0   0   0   0   0   0   0   0   0   0   0   0   0   0   0   0   0   0   0   0   1   0   0   0   1   0   0   0   0   0   0   0      4/0  

Total:   0   1   3   1   1   5   0   1   0   0   0   0   0   0   0   0   0   0   0   2   0   2   1   1   0   2   0   0   0   1   0   0   0   0   2   0   0     23/0  



Device-Specific Information:                c:\altera_pj\maxplus\timer_1us.rpt
timer_1us

** INPUTS **

                                                    Fan-In    Fan-Out
 Pin     LC     EC   Row  Col  Primitive    Code      INP  FBK  OUT  FBK  Name
  11      -     -    C    --      INPUT             ^    0    0    0    1  ad0
  18      -     -    C    --      INPUT             ^    0    0    0    1  ad1
  29      -     -    E    --      INPUT             ^    0    0    0    1  ad2
  55      -     -    -    --      INPUT  G          ^    0    0    0    0  clk5mhz
   9      -     -    B    --      INPUT             ^    0    0    0    1  da
  31      -     -    F    --      INPUT             ^    0    0    0    1  db
  78      -     -    F    --      INPUT             ^    0    0    0    1  dc
  42      -     -    -    28      INPUT             ^    0    0    0    1  dd
  83      -     -    E    --      INPUT             ^    0    0    0    1  de
  88      -     -    D    --      INPUT             ^    0    0    0    1  df
  54      -     -    -    --      INPUT             ^    0    0    0    1  d0
  56      -     -    -    --      INPUT             ^    0    0    0    1  d1
 124      -     -    -    --      INPUT             ^    0    0    0    1  d2
 126      -     -    -    --      INPUT             ^    0    0    0    1  d3
 125      -     -    -    --      INPUT             ^    0    0    0    1  d4
  23      -     -    D    --      INPUT             ^    0    0    0    1  d5
  91      -     -    D    --      INPUT             ^    0    0    0    1  d6
  79      -     -    F    --      INPUT             ^    0    0    0    1  d7
  82      -     -    F    --      INPUT             ^    0    0    0    1  d8
  90      -     -    D    --      INPUT             ^    0    0    0    1  d9


Code:

s = Synthesized pin or logic cell
+ = Synchronous flipflop
/ = Slow slew-rate output
! = NOT gate push-back
r = Fitter-inserted logic cell
^ = Increased input delay
* = PCI I/O is enabled
@ = Uses single-pin Clock Enable
& = Uses single-pin Output Enable
G = Global Source. Fan-out destinations counted here do not include destinations
that are driven using global routing resources. Refer to the Auto Global Signals,
Clock Signals, Clear Signals, Synchronous Load Signals, and Synchronous Clear Signals
Sections of this Report File for information on which signals' fan-outs are used as
Clock, Clear, Preset, Output Enable, and synchronous Load signals.


Device-Specific Information:                c:\altera_pj\maxplus\timer_1us.rpt
timer_1us

** OUTPUTS **

       Fed By Fed By                                Fan-In    Fan-Out
 Pin     LC     EC   Row  Col  Primitive    Code      INP  FBK  OUT  FBK  Name
  17      -     -    C    --     OUTPUT                 0    1    0    0  adr0
  14      -     -    C    --     OUTPUT                 0    1    0    0  adr1
  28      -     -    E    --     OUTPUT                 0    1    0    0  adr2
  86      -     -    E    --     OUTPUT                 0    1    0    0  data0
  89      -     -    D    --     OUTPUT                 0    1    0    0  data1
  96      -     -    C    --     OUTPUT                 0    1    0    0  data2
  92      -     -    D    --     OUTPUT                 0    1    0    0  data3
  97      -     -    C    --     OUTPUT                 0    1    0    0  data4
  22      -     -    D    --     OUTPUT                 0    1    0    0  data5
  21      -     -    D    --     OUTPUT                 0    1    0    0  data6
 111      -     -    -    03     OUTPUT                 0    1    0    0  data7
  33      -     -    F    --     OUTPUT                 0    1    0    0  data8
  20      -     -    D    --     OUTPUT                 0    1    0    0  data9
  10      -     -    B    --     OUTPUT                 0    1    0    0  data10
  80      -     -    F    --     OUTPUT                 0    1    0    0  data11
  32      -     -    F    --     OUTPUT                 0    1    0    0  data12
  27      -     -    E    --     OUTPUT                 0    1    0    0  data13
  87      -     -    E    --     OUTPUT                 0    1    0    0  data14
  19      -     -    D    --     OUTPUT                 0    1    0    0  data15
  98      -     -    B    --     OUTPUT                 0    1    0    0  t1us


Code:

s = Synthesized pin or logic cell
+ = Synchronous flipflop
/ = Slow slew-rate output
! = NOT gate push-back
r = Fitter-inserted logic cell
^ = Increased input delay
* = PCI I/O is enabled
@ = Uses single-pin Clock Enable
& = Uses single-pin Output Enable


Device-Specific Information:                c:\altera_pj\maxplus\timer_1us.rpt
timer_1us

** BURIED LOGIC **

                                                    Fan-In    Fan-Out
 IOC     LC     EC   Row  Col  Primitive    Code      INP  FBK  OUT  FBK  Name
   -      6     -    C    19      LCELL    s           1    0    1    0  adr0~1
   -      4     -    C    25      LCELL    s           1    0    1    0  adr1~1
   -      5     -    E    19      LCELL    s           1    0    1    0  adr2~1
   -      4     -    E    08      LCELL    s           1    0    1    0  data0~1
   -      5     -    D    04      LCELL    s           1    0    1    0  data1~1
   -      4     -    C    03      LCELL    s           1    0    1    0  data2~1
   -      1     -    D    03      LCELL    s           1    0    1    0  data3~1
   -      1     -    C    05      LCELL    s           1    0    1    0  data4~1
   -      5     -    D    22      LCELL    s           1    0    1    0  data5~1
   -      4     -    D    34      LCELL    s           1    0    1    0  data6~1
   -      1     -    F    03      LCELL    s           1    0    1    0  data7~1
   -      7     -    F    29      LCELL    s           1    0    1    0  data8~1
   -      2     -    D    23      LCELL    s           1    0    1    0  data9~1
   -      6     -    B    21      LCELL    s           1    0    1    0  data10~1
   -      4     -    F    02      LCELL    s           1    0    1    0  data11~1
   -      5     -    F    25      LCELL    s           1    0    1    0  data12~1
   -      2     -    E    34      LCELL    s           1    0    1    0  data13~1
   -      1     -    E    06      LCELL    s           1    0    1    0  data14~1
   -      1     -    D    21      LCELL    s           1    0    1    0  data15~1
   -      2     -    B    06       DFFE   +            0    2    0    3  tick2 (:111)
   -      3     -    B    06       DFFE   +            0    2    0    3  tick1 (:112)
   -      1     -    B    06       DFFE   +            0    2    0    3  tick0 (:113)
   -      6     -    B    06       DFFE   +            0    3    1    0  flag_t1us (:117)


Code:

s = Synthesized pin or logic cell
+ = Synchronous flipflop
/ = Slow slew-rate output
! = NOT gate push-back
r = Fitter-inserted logic cell
^ = Increased input delay
* = PCI I/O is enabled
p = Packed register


Device-Specific Information:                c:\altera_pj\maxplus\timer_1us.rpt
timer_1us

** FASTTRACK INTERCONNECT UTILIZATION **

Row FastTrack Interconnect:

          Global         Left Half-      Right Half-
         FastTrack       FastTrack       FastTrack 
Row     Interconnect    Interconnect    Interconnect    Input Pins     Output Pins     Bidir Pins
A:       0/144(  0%)     0/ 72(  0%)     0/ 72(  0%)    0/16(  0%)      0/16(  0%)     0/16(  0%)
B:       2/144(  1%)     0/ 72(  0%)     1/ 72(  1%)    1/16(  6%)      2/16( 12%)     0/16(  0%)
C:       2/144(  1%)     2/ 72(  2%)     2/ 72(  2%)    2/16( 12%)      4/16( 25%)     0/16(  0%)
D:       5/144(  3%)     2/ 72(  2%)     3/ 72(  4%)    4/16( 25%)      6/16( 37%)     0/16(  0%)
E:       2/144(  1%)     2/ 72(  2%)     3/ 72(  4%)    2/16( 12%)      4/16( 25%)     0/16(  0%)
F:       5/144(  3%)     1/ 72(  1%)     1/ 72(  1%)    4/16( 25%)      3/16( 18%)     0/16(  0%)


Column FastTrack Interconnect:

         FastTrack                                 
Column  Interconnect    Input Pins     Output Pins     Bidir Pins
01:      0/24(  0%)     0/4(  0%)      0/4(  0%)       0/4(  0%)
02:      0/24(  0%)     0/4(  0%)      0/4(  0%)       0/4(  0%)
03:      1/24(  4%)     0/4(  0%)      1/4( 25%)       0/4(  0%)
04:      0/24(  0%)     0/4(  0%)      0/4(  0%)       0/4(  0%)
05:      0/24(  0%)     0/4(  0%)      0/4(  0%)       0/4(  0%)
06:      0/24(  0%)     0/4(  0%)      0/4(  0%)       0/4(  0%)
07:      0/24(  0%)     0/4(  0%)      0/4(  0%)       0/4(  0%)
08:      0/24(  0%)     0/4(  0%)      0/4(  0%)       0/4(  0%)
09:      0/24(  0%)     0/4(  0%)      0/4(  0%)       0/4(  0%)
10:      0/24(  0%)     0/4(  0%)      0/4(  0%)       0/4(  0%)
11:      0/24(  0%)     0/4(  0%)      0/4(  0%)       0/4(  0%)
12:      0/24(  0%)     0/4(  0%)      0/4(  0%)       0/4(  0%)
13:      0/24(  0%)     0/4(  0%)      0/4(  0%)       0/4(  0%)
14:      0/24(  0%)     0/4(  0%)      0/4(  0%)       0/4(  0%)
15:      0/24(  0%)     0/4(  0%)      0/4(  0%)       0/4(  0%)
16:      0/24(  0%)     0/4(  0%)      0/4(  0%)       0/4(  0%)
17:      0/24(  0%)     0/4(  0%)      0/4(  0%)       0/4(  0%)
18:      0/24(  0%)     0/4(  0%)      0/4(  0%)       0/4(  0%)
19:      0/24(  0%)     0/4(  0%)      0/4(  0%)       0/4(  0%)
20:      0/24(  0%)     0/4(  0%)      0/4(  0%)       0/4(  0%)
21:      0/24(  0%)     0/4(  0%)      0/4(  0%)       0/4(  0%)
22:      0/24(  0%)     0/4(  0%)      0/4(  0%)       0/4(  0%)
23:      0/24(  0%)     0/4(  0%)      0/4(  0%)       0/4(  0%)
24:      0/24(  0%)     0/4(  0%)      0/4(  0%)       0/4(  0%)
25:      0/24(  0%)     0/4(  0%)      0/4(  0%)       0/4(  0%)
26:      0/24(  0%)     0/4(  0%)      0/4(  0%)       0/4(  0%)
27:      0/24(  0%)     0/4(  0%)      0/4(  0%)       0/4(  0%)
28:      1/24(  4%)     1/4( 25%)      0/4(  0%)       0/4(  0%)
29:      0/24(  0%)     0/4(  0%)      0/4(  0%)       0/4(  0%)
30:      0/24(  0%)     0/4(  0%)      0/4(  0%)       0/4(  0%)
31:      0/24(  0%)     0/4(  0%)      0/4(  0%)       0/4(  0%)
32:      0/24(  0%)     0/4(  0%)      0/4(  0%)       0/4(  0%)
33:      0/24(  0%)     0/4(  0%)      0/4(  0%)       0/4(  0%)
34:      0/24(  0%)     0/4(  0%)      0/4(  0%)       0/4(  0%)
35:      0/24(  0%)     0/4(  0%)      0/4(  0%)       0/4(  0%)
36:      0/24(  0%)     0/4(  0%)      0/4(  0%)       0/4(  0%)
EA:      0/24(  0%)     0/4(  0%)      0/4(  0%)       0/4(  0%)


Device-Specific Information:                c:\altera_pj\maxplus\timer_1us.rpt
timer_1us

** CLOCK SIGNALS **

Type     Fan-out       Name
INPUT        4         clk5mhz


Device-Specific Information:                c:\altera_pj\maxplus\timer_1us.rpt
timer_1us

** EQUATIONS **

ad0      : INPUT;
ad1      : INPUT;
ad2      : INPUT;
clk5mhz  : INPUT;
da       : INPUT;
db       : INPUT;
dc       : INPUT;
dd       : INPUT;
de       : INPUT;
df       : INPUT;
d0       : INPUT;
d1       : INPUT;
d2       : INPUT;
d3       : INPUT;
d4       : INPUT;
d5       : INPUT;
d6       : INPUT;
d7       : INPUT;
d8       : INPUT;
d9       : INPUT;

-- Node name is 'adr0~1' 
-- Equation name is 'adr0~1', location is LC6_C19, type is buried.
-- synthesized logic cell 
_LC6_C19 = LCELL( ad0);

-- Node name is 'adr0' 
-- Equation name is 'adr0', type is output 
adr0     =  _LC6_C19;

-- Node name is 'adr1~1' 
-- Equation name is 'adr1~1', location is LC4_C25, type is buried.
-- synthesized logic cell 
_LC4_C25 = LCELL( ad1);

-- Node name is 'adr1' 
-- Equation name is 'adr1', type is output 
adr1     =  _LC4_C25;

-- Node name is 'adr2~1' 
-- Equation name is 'adr2~1', location is LC5_E19, type is buried.
-- synthesized logic cell 
_LC5_E19 = LCELL( ad2);

-- Node name is 'adr2' 
-- Equation name is 'adr2', type is output 
adr2     =  _LC5_E19;

-- Node name is 'data0~1' 
-- Equation name is 'data0~1', location is LC4_E8, type is buried.
-- synthesized logic cell 
_LC4_E8  = LCELL( d0);

-- Node name is 'data0' 
-- Equation name is 'data0', type is output 
data0    =  _LC4_E8;

-- Node name is 'data1~1' 
-- Equation name is 'data1~1', location is LC5_D4, type is buried.
-- synthesized logic cell 
_LC5_D4  = LCELL( d1);

-- Node name is 'data1' 
-- Equation name is 'data1', type is output 
data1    =  _LC5_D4;

-- Node name is 'data2~1' 
-- Equation name is 'data2~1', location is LC4_C3, type is buried.
-- synthesized logic cell 
_LC4_C3  = LCELL( d2);

-- Node name is 'data2' 
-- Equation name is 'data2', type is output 
data2    =  _LC4_C3;

-- Node name is 'data3~1' 
-- Equation name is 'data3~1', location is LC1_D3, type is buried.
-- synthesized logic cell 
_LC1_D3  = LCELL( d3);

-- Node name is 'data3' 
-- Equation name is 'data3', type is output 
data3    =  _LC1_D3;

-- Node name is 'data4~1' 
-- Equation name is 'data4~1', location is LC1_C5, type is buried.
-- synthesized logic cell 
_LC1_C5  = LCELL( d4);

-- Node name is 'data4' 
-- Equation name is 'data4', type is output 
data4    =  _LC1_C5;

-- Node name is 'data5~1' 
-- Equation name is 'data5~1', location is LC5_D22, type is buried.
-- synthesized logic cell 
_LC5_D22 = LCELL( d5);

-- Node name is 'data5' 
-- Equation name is 'data5', type is output 
data5    =  _LC5_D22;

-- Node name is 'data6~1' 
-- Equation name is 'data6~1', location is LC4_D34, type is buried.
-- synthesized logic cell 
_LC4_D34 = LCELL( d6);

-- Node name is 'data6' 
-- Equation name is 'data6', type is output 
data6    =  _LC4_D34;

-- Node name is 'data7~1' 
-- Equation name is 'data7~1', location is LC1_F3, type is buried.
-- synthesized logic cell 
_LC1_F3  = LCELL( d7);

-- Node name is 'data7' 
-- Equation name is 'data7', type is output 
data7    =  _LC1_F3;

-- Node name is 'data8~1' 
-- Equation name is 'data8~1', location is LC7_F29, type is buried.
-- synthesized logic cell 
_LC7_F29 = LCELL( d8);

-- Node name is 'data8' 
-- Equation name is 'data8', type is output 
data8    =  _LC7_F29;

-- Node name is 'data9~1' 
-- Equation name is 'data9~1', location is LC2_D23, type is buried.
-- synthesized logic cell 
_LC2_D23 = LCELL( d9);

-- Node name is 'data9' 
-- Equation name is 'data9', type is output 
data9    =  _LC2_D23;

-- Node name is 'data10~1' 
-- Equation name is 'data10~1', location is LC6_B21, type is buried.
-- synthesized logic cell 
_LC6_B21 = LCELL( da);

-- Node name is 'data10' 
-- Equation name is 'data10', type is output 
data10   =  _LC6_B21;

-- Node name is 'data11~1' 
-- Equation name is 'data11~1', location is LC4_F2, type is buried.
-- synthesized logic cell 
_LC4_F2  = LCELL( db);

-- Node name is 'data11' 
-- Equation name is 'data11', type is output 
data11   =  _LC4_F2;

-- Node name is 'data12~1' 
-- Equation name is 'data12~1', location is LC5_F25, type is buried.
-- synthesized logic cell 
_LC5_F25 = LCELL( dc);

-- Node name is 'data12' 
-- Equation name is 'data12', type is output 
data12   =  _LC5_F25;

-- Node name is 'data13~1' 
-- Equation name is 'data13~1', location is LC2_E34, type is buried.
-- synthesized logic cell 
_LC2_E34 = LCELL( dd);

-- Node name is 'data13' 
-- Equation name is 'data13', type is output 
data13   =  _LC2_E34;

-- Node name is 'data14~1' 
-- Equation name is 'data14~1', location is LC1_E6, type is buried.
-- synthesized logic cell 
_LC1_E6  = LCELL( de);

-- Node name is 'data14' 
-- Equation name is 'data14', type is output 
data14   =  _LC1_E6;

-- Node name is 'data15~1' 
-- Equation name is 'data15~1', location is LC1_D21, type is buried.
-- synthesized logic cell 
_LC1_D21 = LCELL( df);

-- Node name is 'data15' 
-- Equation name is 'data15', type is output 
data15   =  _LC1_D21;

-- Node name is ':117' = 'flag_t1us' 
-- Equation name is 'flag_t1us', location is LC6_B6, type is buried.
flag_t1us = DFFE( _EQ001, GLOBAL( clk5mhz),  VCC,  VCC,  VCC);
  _EQ001 =  tick0 &  tick2
         #  tick1 &  tick2;

-- Node name is ':113' = 'tick0' 
-- Equation name is 'tick0', location is LC1_B6, type is buried.
tick0    = DFFE( _EQ002, GLOBAL( clk5mhz),  VCC,  VCC,  VCC);
  _EQ002 = !tick0 & !tick1
         # !tick0 & !tick2;

-- Node name is ':112' = 'tick1' 
-- Equation name is 'tick1', location is LC3_B6, type is buried.
tick1    = DFFE( _EQ003, GLOBAL( clk5mhz),  VCC,  VCC,  VCC);
  _EQ003 =  tick0 & !tick1 & !tick2
         # !tick0 &  tick1 & !tick2;

-- Node name is ':111' = 'tick2' 
-- Equation name is 'tick2', location is LC2_B6, type is buried.
tick2    = DFFE( _EQ004, GLOBAL( clk5mhz),  VCC,  VCC,  VCC);
  _EQ004 =  tick0 &  tick1 & !tick2
         # !tick0 & !tick1 &  tick2;

-- Node name is 't1us' 
-- Equation name is 't1us', type is output 
t1us     =  flag_t1us;



Project Information                         c:\altera_pj\maxplus\timer_1us.rpt

** COMPILATION SETTINGS & TIMES **

Processing Menu Commands
------------------------

Design Doctor                             = off

Logic Synthesis:

   Synthesis Type Used                    = Multi-Level

   Default Synthesis Style                = NORMAL

      Logic option settings in 'NORMAL' style for 'FLEX10KE' family

      CARRY_CHAIN                         = ignore
      CARRY_CHAIN_LENGTH                  = 32
      CASCADE_CHAIN                       = ignore
      CASCADE_CHAIN_LENGTH                = 2
      DECOMPOSE_GATES                     = on
      DUPLICATE_LOGIC_EXTRACTION          = on
      MINIMIZATION                        = full
      MULTI_LEVEL_FACTORING               = on
      NOT_GATE_PUSH_BACK                  = on
      REDUCE_LOGIC                        = on
      REFACTORIZATION                     = on
      REGISTER_OPTIMIZATION               = on
      RESYNTHESIZE_NETWORK                = on
      SLOW_SLEW_RATE                      = off
      SUBFACTOR_EXTRACTION                = on
      IGNORE_SOFT_BUFFERS                 = on
      USE_LPM_FOR_AHDL_OPERATORS          = off

   Other logic synthesis settings:

      Automatic Global Clock              = on
      Automatic Global Clear              = on
      Automatic Global Preset             = on
      Automatic Global Output Enable      = on
      Automatic Fast I/O                  = off
      Automatic Register Packing          = off
      Automatic Open-Drain Pins           = on
      Automatic Implement in EAB          = off
      Optimize                            = 5

Default Timing Specifications: None

Cut All Bidir Feedback Timing Paths       = on
Cut All Clear & Preset Timing Paths       = on

Ignore Timing Assignments                 = off

Functional SNF Extractor                  = off

Linked SNF Extractor                      = off
Timing SNF Extractor                      = on
Optimize Timing SNF                       = off
Generate AHDL TDO File                    = off
Fitter Settings                           = NORMAL
Use Quartus Fitter                        = on
Smart Recompile                           = off
Total Recompile                           = off

Interfaces Menu Commands
------------------------

EDIF Netlist Writer                       = off
Verilog Netlist Writer                    = off
VHDL Netlist Writer                       = off

Compilation Times
-----------------

   Compiler Netlist Extractor             00:00:00
   Database Builder                       00:00:00
   Logic Synthesizer                      00:00:00
   Partitioner                            00:00:00
   Fitter                                 00:00:00
   Timing SNF Extractor                   00:00:00
   Assembler                              00:00:01
   --------------------------             --------
   Total Time                             00:00:01


Memory Allocated
-----------------

Peak memory allocated during compilation  = 49,942K
